  Source.cpp
d:\parallelproject\parallelproject\source.cpp(52): warning C4244: '=': conversion from 'double' to 'int', possible loss of data
d:\parallelproject\parallelproject\source.cpp(53): warning C4244: '=': conversion from 'double' to 'int', possible loss of data
d:\parallelproject\parallelproject\source.cpp(54): warning C4244: '=': conversion from 'double' to 'int', possible loss of data
d:\parallelproject\parallelproject\source.cpp(56): warning C4244: '=': conversion from 'double' to 'int', possible loss of data
d:\parallelproject\parallelproject\source.cpp(28): warning C4101: 'status': unreferenced local variable
d:\parallelproject\parallelproject\source.cpp(314): warning C4101: 'diameter': unreferenced local variable
d:\parallelproject\parallelproject\source.cpp(314): warning C4101: 'distance': unreferenced local variable
d:\parallelproject\parallelproject\source.cpp(351): warning C4996: 'fopen': This function or variable may be unsafe. Consider using fopen_s instead. To disable deprecation, use _CRT_SECURE_NO_WARNINGS. See online help for details.
  c:\program files (x86)\windows kits\10\include\10.0.10240.0\ucrt\stdio.h(205): note: see declaration of 'fopen'
d:\parallelproject\parallelproject\source.cpp(376): warning C4996: 'fscanf': This function or variable may be unsafe. Consider using fscanf_s instead. To disable deprecation, use _CRT_SECURE_NO_WARNINGS. See online help for details.
  c:\program files (x86)\windows kits\10\include\10.0.10240.0\ucrt\stdio.h(1193): note: see declaration of 'fscanf'
d:\parallelproject\parallelproject\source.cpp(377): warning C4996: 'fscanf': This function or variable may be unsafe. Consider using fscanf_s instead. To disable deprecation, use _CRT_SECURE_NO_WARNINGS. See online help for details.
  c:\program files (x86)\windows kits\10\include\10.0.10240.0\ucrt\stdio.h(1193): note: see declaration of 'fscanf'
d:\parallelproject\parallelproject\source.cpp(378): warning C4996: 'fscanf': This function or variable may be unsafe. Consider using fscanf_s instead. To disable deprecation, use _CRT_SECURE_NO_WARNINGS. See online help for details.
  c:\program files (x86)\windows kits\10\include\10.0.10240.0\ucrt\stdio.h(1193): note: see declaration of 'fscanf'
d:\parallelproject\parallelproject\source.cpp(379): warning C4996: 'fscanf': This function or variable may be unsafe. Consider using fscanf_s instead. To disable deprecation, use _CRT_SECURE_NO_WARNINGS. See online help for details.
  c:\program files (x86)\windows kits\10\include\10.0.10240.0\ucrt\stdio.h(1193): note: see declaration of 'fscanf'
d:\parallelproject\parallelproject\source.cpp(392): warning C4996: 'fopen': This function or variable may be unsafe. Consider using fopen_s instead. To disable deprecation, use _CRT_SECURE_NO_WARNINGS. See online help for details.
  c:\program files (x86)\windows kits\10\include\10.0.10240.0\ucrt\stdio.h(205): note: see declaration of 'fopen'
d:\parallelproject\parallelproject\source.cpp(435): warning C4244: 'argument': conversion from 'time_t' to 'unsigned int', possible loss of data
d:\parallelproject\parallelproject\source.cpp(414): warning C4996: 'fopen': This function or variable may be unsafe. Consider using fopen_s instead. To disable deprecation, use _CRT_SECURE_NO_WARNINGS. See online help for details.
  c:\program files (x86)\windows kits\10\include\10.0.10240.0\ucrt\stdio.h(205): note: see declaration of 'fopen'
  ParallelProject.vcxproj -> D:\ParallelProject\x64\Debug\ParallelProject.exe
  ParallelProject.vcxproj -> D:\ParallelProject\x64\Debug\ParallelProject.pdb (Full PDB)
  copy "C:\Program Files\NVIDIA GPU Computing Toolkit\CUDA\v8.0\bin\cudart*.dll" "D:\ParallelProject\x64\Debug\"
  C:\Program Files\NVIDIA GPU Computing Toolkit\CUDA\v8.0\bin\cudart32_80.dll
  C:\Program Files\NVIDIA GPU Computing Toolkit\CUDA\v8.0\bin\cudart64_80.dll
          2 file(s) copied.
